d:\masters\3d_hikingsimulator\3d_hikin.151fadc3\x64\debug\vc143.pdb
d:\masters\3d_hikingsimulator\3d_hikin.151fadc3\x64\debug\vc143.idb
d:\masters\3d_hikingsimulator\3d_hikin.151fadc3\x64\debug\terrain.obj
d:\masters\3d_hikingsimulator\3d_hikin.151fadc3\x64\debug\skydome.obj
d:\masters\3d_hikingsimulator\3d_hikin.151fadc3\x64\debug\shader.obj
d:\masters\3d_hikingsimulator\3d_hikin.151fadc3\x64\debug\pathtracer.obj
d:\masters\3d_hikingsimulator\3d_hikin.151fadc3\x64\debug\path.obj
d:\masters\3d_hikingsimulator\3d_hikin.151fadc3\x64\debug\main.obj
d:\masters\3d_hikingsimulator\3d_hikin.151fadc3\x64\debug\light.obj
d:\masters\3d_hikingsimulator\3d_hikin.151fadc3\x64\debug\pugixml.obj
d:\masters\3d_hikingsimulator\3d_hikin.151fadc3\x64\debug\camera.obj
d:\masters\3d_hikingsimulator\3d_hikin.151fadc3\x64\debug\glad.obj
d:\masters\3d_hikingsimulator\x64\debug\3d_hikingsimulator.exe
d:\masters\3d_hikingsimulator\x64\debug\3d_hikingsimulator.pdb
d:\masters\3d_hikingsimulator\3d_hikin.151fadc3\x64\debug\3d_hikingsimulator.ilk
d:\masters\3d_hikingsimulator\3d_hikin.151fadc3\x64\debug\3d_hikin.151fadc3.tlog\cl.command.1.tlog
d:\masters\3d_hikingsimulator\3d_hikin.151fadc3\x64\debug\3d_hikin.151fadc3.tlog\cl.items.tlog
d:\masters\3d_hikingsimulator\3d_hikin.151fadc3\x64\debug\3d_hikin.151fadc3.tlog\cl.read.1.tlog
d:\masters\3d_hikingsimulator\3d_hikin.151fadc3\x64\debug\3d_hikin.151fadc3.tlog\cl.write.1.tlog
d:\masters\3d_hikingsimulator\3d_hikin.151fadc3\x64\debug\3d_hikin.151fadc3.tlog\link.command.1.tlog
d:\masters\3d_hikingsimulator\3d_hikin.151fadc3\x64\debug\3d_hikin.151fadc3.tlog\link.read.1.tlog
d:\masters\3d_hikingsimulator\3d_hikin.151fadc3\x64\debug\3d_hikin.151fadc3.tlog\link.secondary.1.tlog
d:\masters\3d_hikingsimulator\3d_hikin.151fadc3\x64\debug\3d_hikin.151fadc3.tlog\link.write.1.tlog
